<?xml version="1.0" encoding="UTF-8"?>
<!-- Generated by org.testng.reporters.JUnitXMLReporter -->
<testsuite ignored="0" hostname="ndi-lap-845" failures="0" tests="3" name="Default test" time="35.708" errors="0" timestamp="2020-03-17T07:02:26 IST">
  <testcase classname="TestCases.PasswordPageGmailTestCase" name="verifyTitle" time="0.014"/>
  <testcase classname="TestCases.PasswordPageGmailTestCase" name="verifyPassTyped" time="0.585"/>
  <testcase classname="TestCases.PasswordPageGmailTestCase" name="verifyClickOnNextLink" time="0.71"/>
</testsuite> <!-- Default test -->
