<?xml version="1.0" encoding="UTF-8"?>
<testng-results ignored="0" total="3" passed="3" failed="0" skipped="0">
  <reporter-output>
  </reporter-output>
  <suite started-at="2020-03-17T07:01:50 IST" name="Default suite" finished-at="2020-03-17T07:02:26 IST" duration-ms="35708">
    <groups>
    </groups>
    <test started-at="2020-03-17T07:01:50 IST" name="Default test" finished-at="2020-03-17T07:02:26 IST" duration-ms="35708">
      <class name="TestCases.PasswordPageGmailTestCase">
        <test-method is-config="true" signature="setUp()[pri:0, instance:TestCases.PasswordPageGmailTestCase@5f683daf]" started-at="2020-03-17T07:01:50 IST" name="setUp" finished-at="2020-03-17T07:02:01 IST" duration-ms="10871" status="PASS">
          <reporter-output>
          </reporter-output>
        </test-method> <!-- setUp -->
        <test-method signature="verifyTitle()[pri:1, instance:TestCases.PasswordPageGmailTestCase@5f683daf]" started-at="2020-03-17T07:02:01 IST" name="verifyTitle" finished-at="2020-03-17T07:02:01 IST" duration-ms="14" status="PASS">
          <reporter-output>
          </reporter-output>
        </test-method> <!-- verifyTitle -->
        <test-method is-config="true" signature="teardown()[pri:0, instance:TestCases.PasswordPageGmailTestCase@5f683daf]" started-at="2020-03-17T07:02:01 IST" name="teardown" finished-at="2020-03-17T07:02:02 IST" duration-ms="634" status="PASS">
          <reporter-output>
          </reporter-output>
        </test-method> <!-- teardown -->
        <test-method is-config="true" signature="setUp()[pri:0, instance:TestCases.PasswordPageGmailTestCase@5f683daf]" started-at="2020-03-17T07:02:02 IST" name="setUp" finished-at="2020-03-17T07:02:13 IST" duration-ms="11144" status="PASS">
          <reporter-output>
          </reporter-output>
        </test-method> <!-- setUp -->
        <test-method signature="verifyPassTyped()[pri:2, instance:TestCases.PasswordPageGmailTestCase@5f683daf]" started-at="2020-03-17T07:02:13 IST" name="verifyPassTyped" finished-at="2020-03-17T07:02:13 IST" duration-ms="585" status="PASS">
          <reporter-output>
          </reporter-output>
        </test-method> <!-- verifyPassTyped -->
        <test-method is-config="true" signature="teardown()[pri:0, instance:TestCases.PasswordPageGmailTestCase@5f683daf]" started-at="2020-03-17T07:02:13 IST" name="teardown" finished-at="2020-03-17T07:02:14 IST" duration-ms="678" status="PASS">
          <reporter-output>
          </reporter-output>
        </test-method> <!-- teardown -->
        <test-method is-config="true" signature="setUp()[pri:0, instance:TestCases.PasswordPageGmailTestCase@5f683daf]" started-at="2020-03-17T07:02:14 IST" name="setUp" finished-at="2020-03-17T07:02:25 IST" duration-ms="10373" status="PASS">
          <reporter-output>
          </reporter-output>
        </test-method> <!-- setUp -->
        <test-method signature="verifyClickOnNextLink()[pri:3, instance:TestCases.PasswordPageGmailTestCase@5f683daf]" started-at="2020-03-17T07:02:25 IST" name="verifyClickOnNextLink" finished-at="2020-03-17T07:02:25 IST" duration-ms="710" status="PASS">
          <reporter-output>
          </reporter-output>
        </test-method> <!-- verifyClickOnNextLink -->
        <test-method is-config="true" signature="teardown()[pri:0, instance:TestCases.PasswordPageGmailTestCase@5f683daf]" started-at="2020-03-17T07:02:25 IST" name="teardown" finished-at="2020-03-17T07:02:26 IST" duration-ms="663" status="PASS">
          <reporter-output>
          </reporter-output>
        </test-method> <!-- teardown -->
      </class> <!-- TestCases.PasswordPageGmailTestCase -->
    </test> <!-- Default test -->
  </suite> <!-- Default suite -->
</testng-results>
