<?xml version="1.0" encoding="UTF-8"?>
<!-- Generated by org.testng.reporters.JUnitXMLReporter -->
<testsuite ignored="0" hostname="ndi-lap-845" failures="0" tests="3" name="Gmail Test Cases" time="25.449" errors="0" timestamp="2020-03-16T22:28:48 IST">
  <testcase classname="TestCases.PasswordPageGmailTestCase" name="@BeforeMethod setUp" time="11.993">
    <failure type="java.lang.NullPointerException">
      <![CDATA[java.lang.NullPointerException
at TestCases.PasswordPageGmailTestCase.setUp(PasswordPageGmailTestCase.java:23)
at java.base/java.util.ArrayList.forEach(ArrayList.java:1540)
... Removed 31 stack frames]]>
    </failure>
  </testcase> <!-- @BeforeMethod setUp -->
  <testcase classname="TestCases.PasswordPageGmailTestCase" name="@BeforeMethod setUp" time="-1.584377928533E9">
    <skipped/>
  </testcase> <!-- @BeforeMethod setUp -->
  <testcase classname="TestCases.SigninPageGmailTestCase" name="verifyEmailTyped" time="0.405"/>
  <testcase classname="TestCases.PasswordPageGmailTestCase" name="verifyTitle" time="0.0">
    <skipped/>
  </testcase> <!-- verifyTitle -->
  <testcase classname="TestCases.PasswordPageGmailTestCase" name="verifyEmailTyped" time="0.0">
    <skipped/>
  </testcase> <!-- verifyEmailTyped -->
</testsuite> <!-- Gmail Test Cases -->
